<?xml version="1.0" encoding="UTF-8"?>
<!-- Generated by org.testng.reporters.JUnitReportReporter -->
<testsuite hostname="DESKTOP-NOAMFOU" failures="0" tests="4" name="DATABASE" time="1.425" errors="0" timestamp="2023-12-10T00:02:08 EET" skipped="0">
  <testcase classname="DATABASE" name="AddOneCustomer" time="0.469"/>
  <system-out/>
  <testcase classname="DATABASE" name="UpdateCustomerNumber" time="0.194"/>
  <system-out/>
  <testcase classname="DATABASE" name="SelectOneCustomer" time="0.572"/>
  <system-out/>
  <testcase classname="DATABASE" name="DeleteCustomer" time="0.190"/>
  <system-out/>
</testsuite> <!-- DATABASE -->
